[2015-11-07 11:30:12] START
[2015-11-07 11:35:16] EDIT LanguageExchange/views/default/index.html: -37
[2015-11-07 11:35:40] EDIT LanguageExchange/views/default/index.html: -1
<<<<<<< Updated upstream
[2015-11-12 14:12:38] CREATE tables.py: 0
[2015-11-12 14:59:22] EDIT LanguageExchange/models/tables.py: 12
=======
[2015-11-07 11:49:45] CREATE tables.py: 0
[2015-11-07 11:53:11] EDIT LanguageExchange/models/db.py: 3
[2015-11-07 11:53:38] EDIT LanguageExchange/models/db.py: 0
[2015-11-07 11:58:15] EDIT LanguageExchange/models/db.py: 0
[2015-11-07 11:58:38] EDIT LanguageExchange/models/db.py: 0
[2015-11-07 12:02:08] CREATE default/reg_lang.html: 0
[2015-11-07 12:03:03] EDIT LanguageExchange/controllers/default.py: 2
[2015-11-07 12:03:50] EDIT LanguageExchange/controllers/default.py: -7
[2015-11-07 12:04:20] EDIT LanguageExchange/views/default/index.html: 0
[2015-11-07 12:25:57] EDIT LanguageExchange/views/default/user.html: 0
[2015-11-07 12:27:37] EDIT LanguageExchange/views/default/user.html: 0
[2015-11-07 12:28:53] EDIT LanguageExchange/views/default/user.html: 0
[2015-11-07 12:29:40] EDIT LanguageExchange/views/default/user.html: 0
[2015-11-07 12:32:00] EDIT LanguageExchange/views/default/user.html: 0
[2015-11-07 12:32:36] EDIT LanguageExchange/views/default/user.html: 0
[2015-11-07 12:33:36] EDIT LanguageExchange/models/db.py: -3
[2015-11-12 14:23:25] EDIT LanguageExchange/controllers/default.py: 5
[2015-11-12 14:26:21] CREATE default/myregister.html: 0
[2015-11-12 14:26:32] EDIT LanguageExchange/views/default/myregister.html: 0
[2015-11-12 14:42:24] EDIT LanguageExchange/views/default/index.html: 7
[2015-11-12 14:42:48] EDIT LanguageExchange/views/default/index.html: 0
[2015-11-12 14:43:08] EDIT LanguageExchange/views/default/index.html: 0
[2015-11-12 14:43:27] EDIT LanguageExchange/views/default/myregister.html: -1
[2015-11-12 14:43:38] EDIT LanguageExchange/views/default/myregister.html: -1
[2015-11-12 14:44:19] EDIT LanguageExchange/views/default/index.html: -2
[2015-11-12 14:46:09] EDIT LanguageExchange/views/default/index.html: -1
[2015-11-12 14:46:26] EDIT LanguageExchange/views/default/index.html: -2
[2015-11-12 14:48:43] EDIT LanguageExchange/views/default/index.html: 2
[2015-11-12 14:48:49] EDIT LanguageExchange/views/default/index.html: 0
[2015-11-12 14:49:26] EDIT LanguageExchange/views/default/index.html: 0
[2015-11-12 14:49:55] EDIT LanguageExchange/views/default/index.html: 0
[2015-11-12 14:52:09] EDIT LanguageExchange/views/default/myregister.html: 1
[2015-11-12 14:52:27] EDIT LanguageExchange/views/default/myregister.html: 1
[2015-11-12 14:53:02] EDIT LanguageExchange/views/default/myregister.html: 1
[2015-11-12 14:53:19] EDIT LanguageExchange/views/default/myregister.html: 0
[2015-11-13 00:23:16] EDIT LanguageExchange/views/default/myregister.html: 6
[2015-11-13 00:26:28] EDIT LanguageExchange/views/default/myregister.html: 0
[2015-11-13 00:26:40] EDIT LanguageExchange/views/default/myregister.html: 0
[2015-11-13 00:33:38] EDIT LanguageExchange/views/default/myregister.html: 0
[2015-11-13 00:36:41] EDIT LanguageExchange/controllers/default.py: 2
[2015-11-13 00:39:11] EDIT LanguageExchange/views/default/myregister.html: -6
[2015-11-13 00:39:13] EDIT LanguageExchange/controllers/default.py: 2
[2015-11-13 00:40:29] EDIT LanguageExchange/controllers/default.py: 1
[2015-11-13 00:40:44] EDIT LanguageExchange/controllers/default.py: 0
[2015-11-13 00:41:20] EDIT LanguageExchange/controllers/default.py: 0
[2015-11-13 00:42:51] EDIT LanguageExchange/controllers/default.py: 3
[2015-11-13 00:43:37] EDIT LanguageExchange/views/default/reg_lang.html: 0
[2015-11-13 00:43:54] EDIT LanguageExchange/views/default/reg_lang.html: 0
[2015-11-13 00:44:34] EDIT LanguageExchange/views/default/reg_lang.html: 5
[2015-11-13 00:44:53] EDIT LanguageExchange/views/default/reg_lang.html: 5
>>>>>>> Stashed changes
[2015-11-13 00:52:13] EDIT LanguageExchange/models/tables.py: -1
[2015-11-13 00:52:22] EDIT LanguageExchange/models/tables.py: -1
[2015-11-13 00:52:28] EDIT LanguageExchange/models/tables.py: -1
[2015-11-13 00:53:17] EDIT LanguageExchange/models/tables.py: 0
[2015-11-13 00:54:01] EDIT LanguageExchange/models/tables.py: -12
[2015-11-13 00:54:13] EDIT LanguageExchange/models/tables.py: 12
[2015-11-13 00:54:30] EDIT LanguageExchange/models/tables.py: 0
[2015-11-13 00:54:45] EDIT LanguageExchange/models/tables.py: 0
[2015-11-13 00:56:08] CREATE default/cust_register.html: 0
[2015-11-13 00:56:34] EDIT LanguageExchange/controllers/default.py: 0
[2015-11-13 00:56:36] EDIT LanguageExchange/views/default/cust_register.html: 1
[2015-11-13 00:56:51] DELETE LanguageExchange/views/default/myregister.html: -4
[2015-11-13 00:57:14] EDIT LanguageExchange/views/default/index.html: 0
